\BOOKMARK [0][-]{chapter.1}{Plotting}{}% 1
\BOOKMARK [1][-]{section.1.1}{Plotting damage distribution}{chapter.1}% 2
\BOOKMARK [2][-]{subsection.1.1.1}{Plotting damage disaggregation}{section.1.1}% 3
\BOOKMARK [2][-]{subsection.1.1.2}{Plotting total damage}{section.1.1}% 4
\BOOKMARK [2][-]{subsection.1.1.3}{Plotting collapse maps}{section.1.1}% 5
\BOOKMARK [1][-]{section.1.2}{Plotting hazard and loss curves}{chapter.1}% 6
\BOOKMARK [1][-]{section.1.3}{Plotting hazard and loss maps}{chapter.1}% 7
\BOOKMARK [0][-]{section*.3}{Index}{}% 8
\BOOKMARK [-1][-]{part.1}{I Appendices}{}% 9
\BOOKMARK [0][-]{appendix.A}{The 10 Minute Guide to Python!}{part.1}% 10
\BOOKMARK [1][-]{section.A.1}{Basic Data Types}{appendix.A}% 11
\BOOKMARK [2][-]{subsection.A.1.1}{Scalar Parameters}{section.A.1}% 12
\BOOKMARK [2][-]{subsection.A.1.2}{Iterables}{section.A.1}% 13
\BOOKMARK [2][-]{subsection.A.1.3}{Dictionaries}{section.A.1}% 14
\BOOKMARK [2][-]{subsection.A.1.4}{Loops and Logicals}{section.A.1}% 15
\BOOKMARK [1][-]{section.A.2}{Functions}{appendix.A}% 16
\BOOKMARK [1][-]{section.A.3}{Classes and Inheritance}{appendix.A}% 17
\BOOKMARK [2][-]{subsection.A.3.1}{Simple Classes}{section.A.3}% 18
\BOOKMARK [2][-]{subsection.A.3.2}{Inheritance}{section.A.3}% 19
\BOOKMARK [2][-]{subsection.A.3.3}{Abstraction}{section.A.3}% 20
\BOOKMARK [1][-]{section.A.4}{Numpy/Scipy}{appendix.A}% 21
