\BOOKMARK [0][-]{chapter.1}{Introduction}{}% 1
\BOOKMARK [1][-]{section.1.1}{Introduction}{chapter.1}% 2
\BOOKMARK [1][-]{section.1.2}{Current features}{chapter.1}% 3
\BOOKMARK [1][-]{section.1.3}{Organization}{chapter.1}% 4
\BOOKMARK [0][-]{chapter.2}{Plotting}{}% 5
\BOOKMARK [1][-]{section.2.1}{Plotting damage distribution}{chapter.2}% 6
\BOOKMARK [2][-]{subsection.2.1.1}{Plotting damage distribution}{section.2.1}% 7
\BOOKMARK [2][-]{subsection.2.1.2}{Plotting collapse maps}{section.2.1}% 8
\BOOKMARK [1][-]{section.2.2}{Plotting hazard and loss curves}{chapter.2}% 9
\BOOKMARK [2][-]{subsection.2.2.1}{Plotting hazard curves and uniform hazard spectra}{section.2.2}% 10
\BOOKMARK [2][-]{subsection.2.2.2}{Plotting loss curves}{section.2.2}% 11
\BOOKMARK [1][-]{section.2.3}{Plotting hazard and loss maps}{chapter.2}% 12
\BOOKMARK [2][-]{subsection.2.3.1}{Plotting hazard maps}{section.2.3}% 13
\BOOKMARK [2][-]{subsection.2.3.2}{Plotting loss maps}{section.2.3}% 14
\BOOKMARK [0][-]{chapter.3}{Risk}{}% 15
\BOOKMARK [1][-]{section.3.1}{Deriving Probable Maximum Losses \(PML\)}{chapter.3}% 16
\BOOKMARK [1][-]{section.3.2}{Selecting a logic tree branch}{chapter.3}% 17
\BOOKMARK [0][-]{chapter.4}{Vulnerability}{}% 18
\BOOKMARK [1][-]{section.4.1}{Introduction}{chapter.4}% 19
\BOOKMARK [1][-]{section.4.2}{Definition input models}{chapter.4}% 20
\BOOKMARK [1][-]{section.4.3}{Model generator}{chapter.4}% 21
\BOOKMARK [2][-]{subsection.4.3.1}{Generation of capacity curves using DBELA}{section.4.3}% 22
\BOOKMARK [2][-]{subsection.4.3.2}{Generation of capacity curves using SP-BELA}{section.4.3}% 23
\BOOKMARK [2][-]{subsection.4.3.3}{Generation of capacity curves using point dispersion}{section.4.3}% 24
\BOOKMARK [1][-]{section.4.4}{Conversion from MDOF to SDOF}{chapter.4}% 25
\BOOKMARK [2][-]{subsection.4.4.1}{Conversion based on one mode of vibration}{section.4.4}% 26
\BOOKMARK [2][-]{subsection.4.4.2}{Conversion using an adaptive approach}{section.4.4}% 27
\BOOKMARK [1][-]{section.4.5}{Derivation of fragility}{chapter.4}% 28
\BOOKMARK [2][-]{subsection.4.5.1}{SPO2IDA \(Vamvatsikos and Cornell 2006\)}{section.4.5}% 29
\BOOKMARK [2][-]{subsection.4.5.2}{Dolsek and Fajfar 2004}{section.4.5}% 30
\BOOKMARK [2][-]{subsection.4.5.3}{Ruiz Garcia and Miranda 2007}{section.4.5}% 31
\BOOKMARK [2][-]{subsection.4.5.4}{Vidic and Fajfar 1994}{section.4.5}% 32
\BOOKMARK [2][-]{subsection.4.5.5}{Lin and Miranda 2008}{section.4.5}% 33
\BOOKMARK [2][-]{subsection.4.5.6}{Miranda \(2000\) for firm soils}{section.4.5}% 34
\BOOKMARK [2][-]{subsection.4.5.7}{N2 \(EC8, CEN 2005\)}{section.4.5}% 35
\BOOKMARK [2][-]{subsection.4.5.8}{Capacity Spectrum Method \(FEMA, 2005\)}{section.4.5}% 36
\BOOKMARK [2][-]{subsection.4.5.9}{DBELA \(Silva et al. 2013\)}{section.4.5}% 37
\BOOKMARK [2][-]{subsection.4.5.10}{Nonlinear time-history analysis in Single Degree of Freedom \(SDOF\) Oscilators}{section.4.5}% 38
\BOOKMARK [0][-]{section*.14}{Index}{}% 39
\BOOKMARK [-1][-]{part.1}{I Appendices}{}% 40
\BOOKMARK [0][-]{appendix.A}{The 10 Minute Guide to Python!}{part.1}% 41
\BOOKMARK [1][-]{section.A.1}{Basic Data Types}{appendix.A}% 42
\BOOKMARK [2][-]{subsection.A.1.1}{Scalar Parameters}{section.A.1}% 43
\BOOKMARK [2][-]{subsection.A.1.2}{Iterables}{section.A.1}% 44
\BOOKMARK [2][-]{subsection.A.1.3}{Dictionaries}{section.A.1}% 45
\BOOKMARK [2][-]{subsection.A.1.4}{Loops and Logicals}{section.A.1}% 46
\BOOKMARK [1][-]{section.A.2}{Functions}{appendix.A}% 47
\BOOKMARK [1][-]{section.A.3}{Classes and Inheritance}{appendix.A}% 48
\BOOKMARK [2][-]{subsection.A.3.1}{Simple Classes}{section.A.3}% 49
\BOOKMARK [2][-]{subsection.A.3.2}{Inheritance}{section.A.3}% 50
\BOOKMARK [2][-]{subsection.A.3.3}{Abstraction}{section.A.3}% 51
\BOOKMARK [1][-]{section.A.4}{Numpy/Scipy}{appendix.A}% 52
